<?xml version="1.0" encoding="UTF-8"?>
<testsuite name="tileview.demo.ExampleUnitTest" tests="1" skipped="0" failures="0" errors="0" timestamp="2015-10-31T18:57:35" hostname="Michaels-MacBook-Pro.local" time="0.001">
  <properties/>
  <testcase name="addition_isCorrect" classname="tileview.demo.ExampleUnitTest" time="0.001"/>
  <system-out><![CDATA[]]></system-out>
  <system-err><![CDATA[]]></system-err>
</testsuite>
